[2021-03-03 10:45:11,309] - __main__ - I - *************** Программа запущена ***************
[2021-03-03 10:45:11,309] - __main__ - I - Пользователь не указал config файл
[2021-03-03 10:45:11,309] - __main__ - I - Директория для поиска лога: ./log
[2021-03-03 10:45:11,324] - __main__ - I - Найден лог: log\nginx-access-ui.log-20170630.gz
[2021-03-03 10:45:11,325] - __main__ - I - Файл отчета уже существует: reports\report-2017.06.30.html
[2021-03-03 10:45:11,325] - __main__ - I - ********************* Конец **********************
[2021-03-03 10:45:22,110] - __main__ - I - *************** Программа запущена ***************
[2021-03-03 10:45:22,110] - __main__ - I - Пользователь не указал config файл
[2021-03-03 10:45:22,120] - __main__ - I - Директория для поиска лога: ./log
[2021-03-03 10:45:22,120] - __main__ - I - Найден лог: log\nginx-access-ui.log-20170630.gz
[2021-03-03 10:45:22,120] - __main__ - I - Отчет будет записан в файл: reports\report-2017.06.30.html
[2021-03-03 10:45:22,686] - __main__ - D - Не удалось распарсить запись: b'1.202.56.176 -  - [29/Jun/2017:03:59:15 +0300] "0" 400 166 "-" "-" "-" "-" "-" 0.000\n'
[2021-03-03 10:45:23,883] - __main__ - D - Не удалось распарсить запись: b'1.202.56.176 -  - [29/Jun/2017:04:15:18 +0300] "0" 400 166 "-" "-" "-" "-" "-" 0.001\n'
[2021-03-03 10:45:25,712] - __main__ - D - Не удалось распарсить запись: b'1.202.56.176 -  - [29/Jun/2017:04:32:15 +0300] "0" 400 166 "-" "-" "-" "-" "-" 0.001\n'
[2021-03-03 10:45:26,012] - __main__ - D - Не удалось распарсить запись: b'1.202.56.176 -  - [29/Jun/2017:04:34:39 +0300] "0" 400 166 "-" "-" "-" "-" "-" 0.000\n'
[2021-03-03 10:45:27,962] - __main__ - D - 100000 : логов прочитано
[2021-03-03 10:45:27,962] - __main__ - D - 4 : логов не удалось обработать
[2021-03-03 10:45:28,092] - __main__ - I - ********************* Конец **********************
[2021-03-03 10:45:28,092] - __main__ - D - Время выполнения программы: 5.982693672180176
[2021-03-03 10:47:32,715] - __main__ - I - *************** Программа запущена ***************
[2021-03-03 10:47:32,715] - __main__ - I - Пользователь не указал config файл
[2021-03-03 10:47:32,715] - __main__ - I - Директория для поиска лога: ./log
[2021-03-03 10:47:32,725] - __main__ - I - Найден лог: log\nginx-access-ui.log-20170630.gz
[2021-03-03 10:47:32,725] - __main__ - I - Файл отчета уже существует: reports\report-2017.06.30.html
[2021-03-03 10:47:32,725] - __main__ - I - ********************* Конец **********************
[2021-03-03 10:48:21,225] - __main__ - I - *************** Программа запущена ***************
[2021-03-03 10:48:21,225] - __main__ - I - Пользователь не указал config файл
[2021-03-03 10:48:21,225] - __main__ - I - Директория для поиска лога: ./log
[2021-03-03 10:48:21,235] - __main__ - I - Найден лог: log\nginx-access-ui.log-20170630.gz
[2021-03-03 10:48:21,235] - __main__ - I - Файл отчета уже существует: reports\report-2017.06.30.html
[2021-03-03 10:48:21,235] - __main__ - I - ********************* Конец **********************
[2021-03-03 10:48:29,456] - __main__ - I - *************** Программа запущена ***************
[2021-03-03 10:48:39,939] - __main__ - I - *************** Программа запущена ***************
[2021-03-03 10:48:39,939] - __main__ - E - Пользовательского config файла не существует!
[2021-03-03 10:48:39,939] - __main__ - I - ********************* Конец **********************
[2021-03-03 10:50:33,797] - __main__ - I - *************** Программа запущена ***************
[2021-03-03 10:50:33,798] - __main__ - I - Пользователь не указал config файл
[2021-03-03 10:50:33,798] - __main__ - I - Директория для поиска лога: ./log
[2021-03-03 10:50:33,803] - __main__ - I - Найден лог: log\nginx-access-ui.log-20170630.gz
[2021-03-03 10:50:33,804] - __main__ - I - Файл отчета уже существует: reports\report-2017.06.30.html
[2021-03-03 10:50:33,804] - __main__ - I - ********************* Конец **********************
[2021-03-03 11:00:22,749] - __main__ - I - *************** Программа запущена ***************
[2021-03-03 11:00:22,750] - __main__ - I - Пользователь не указал config файл
[2021-03-03 11:00:22,750] - __main__ - I - Директория для поиска лога: ./log
[2021-03-03 11:00:22,756] - __main__ - I - Найден лог: log\nginx-access-ui.log-20170630.gz
[2021-03-03 11:00:22,756] - __main__ - I - Отчет будет записан в файл: reports\report-2017.06.30.html
[2021-03-03 11:00:23,375] - __main__ - D - Не удалось распарсить запись: b'1.202.56.176 -  - [29/Jun/2017:03:59:15 +0300] "0" 400 166 "-" "-" "-" "-" "-" 0.000\n'
[2021-03-03 11:00:24,500] - __main__ - D - Не удалось распарсить запись: b'1.202.56.176 -  - [29/Jun/2017:04:15:18 +0300] "0" 400 166 "-" "-" "-" "-" "-" 0.001\n'
[2021-03-03 11:00:26,441] - __main__ - D - Не удалось распарсить запись: b'1.202.56.176 -  - [29/Jun/2017:04:32:15 +0300] "0" 400 166 "-" "-" "-" "-" "-" 0.001\n'
[2021-03-03 11:00:26,764] - __main__ - D - Не удалось распарсить запись: b'1.202.56.176 -  - [29/Jun/2017:04:34:39 +0300] "0" 400 166 "-" "-" "-" "-" "-" 0.000\n'
[2021-03-03 11:00:28,834] - __main__ - D - 100000 : логов прочитано
[2021-03-03 11:00:28,835] - __main__ - D - 4 : логов не удалось обработать
[2021-03-03 11:00:28,973] - __main__ - I - ********************* Конец **********************
[2021-03-03 11:00:28,973] - __main__ - D - Время выполнения программы: 6.224495887756348
[2021-03-04 13:46:44,068] - __main__ - I - *************** Программа запущена ***************
[2021-03-04 13:46:44,078] - __main__ - I - Пользователь не указал config файл
[2021-03-04 13:46:44,078] - __main__ - I - Директория для поиска лога: ./log
[2021-03-04 13:46:44,088] - __main__ - I - Найден лог: log\nginx-access-ui.log-20170630.gz
[2021-03-04 13:46:44,088] - __main__ - I - Отчет будет записан в файл: reports\report-2017.06.30.html
[2021-03-04 13:46:44,288] - __main__ - D - 1000 : логов прочитано
[2021-03-04 13:46:44,288] - __main__ - D - 0 : логов не удалось обработать
[2021-03-04 13:46:44,333] - __main__ - I - ********************* Конец **********************
[2021-03-04 13:46:44,333] - __main__ - D - Время выполнения программы: 0.2752513885498047
[2021-03-04 14:12:01,248] - __main__ - I - *************** Программа запущена ***************
[2021-03-04 14:12:01,248] - __main__ - I - Пользователь не указал config файл
[2021-03-04 14:12:01,248] - __main__ - I - Директория для поиска лога: ./log
[2021-03-04 14:12:01,248] - __main__ - I - Найден лог: log\nginx-access-ui.log-20170630.gz
[2021-03-04 14:12:01,248] - __main__ - I - Отчет будет записан в файл: reports\report-2017.06.30.html
[2021-03-04 14:12:01,398] - __main__ - D - 1000 : логов прочитано
[2021-03-04 14:12:01,398] - __main__ - D - 0 : логов не удалось обработать
[2021-03-04 14:12:01,408] - __main__ - I - ********************* Конец **********************
[2021-03-04 14:12:01,408] - __main__ - D - Время выполнения программы: 0.1600484848022461
